  [1m[36m (25.6ms)[0m  [1mCREATE TABLE "schema_migrations" ("version" character varying NOT NULL) [0m
  [1m[35m (6.2ms)[0m  CREATE UNIQUE INDEX  "unique_schema_migrations" ON "schema_migrations"  ("version")
  [1m[36mActiveRecord::SchemaMigration Load (1.0ms)[0m  [1mSELECT "schema_migrations".* FROM "schema_migrations"[0m
Migrating to CreateTalents (20151202220135)
  [1m[35m (0.8ms)[0m  BEGIN
  [1m[36m (64.0ms)[0m  [1mCREATE TABLE "talents" ("id" serial primary key, "name" character varying, "created_at" timestamp NOT NULL, "updated_at" timestamp NOT NULL) [0m
  [1m[35mSQL (4.7ms)[0m  INSERT INTO "schema_migrations" ("version") VALUES ($1)  [["version", "20151202220135"]]
  [1m[36m (3.0ms)[0m  [1mCOMMIT[0m
Migrating to CreateStudents (20151202220154)
  [1m[35m (2.3ms)[0m  BEGIN
  [1m[36m (41.4ms)[0m  [1mCREATE TABLE "students" ("id" serial primary key, "name" character varying, "email" character varying, "created_at" timestamp NOT NULL, "updated_at" timestamp NOT NULL) [0m
  [1m[35mSQL (1.2ms)[0m  INSERT INTO "schema_migrations" ("version") VALUES ($1)  [["version", "20151202220154"]]
  [1m[36m (3.3ms)[0m  [1mCOMMIT[0m
Migrating to CreateStudentsTalents (20151202220353)
  [1m[35m (0.6ms)[0m  BEGIN
  [1m[36m (12.2ms)[0m  [1mCREATE TABLE "students_talents" ("id" serial primary key, "student_id" integer, "talent_id" integer) [0m
  [1m[35mSQL (2.5ms)[0m  INSERT INTO "schema_migrations" ("version") VALUES ($1)  [["version", "20151202220353"]]
  [1m[36m (7.7ms)[0m  [1mCOMMIT[0m
Migrating to DeviseCreateUsers (20151207022020)
  [1m[35m (3.7ms)[0m  BEGIN
  [1m[36m (38.7ms)[0m  [1mCREATE TABLE "users" ("id" serial primary key, "email" character varying DEFAULT '' NOT NULL, "encrypted_password" character varying DEFAULT '' NOT NULL, "reset_password_token" character varying, "reset_password_sent_at" timestamp, "remember_created_at" timestamp, "sign_in_count" integer DEFAULT 0 NOT NULL, "current_sign_in_at" timestamp, "last_sign_in_at" timestamp, "current_sign_in_ip" inet, "last_sign_in_ip" inet, "created_at" timestamp NOT NULL, "updated_at" timestamp NOT NULL) [0m
  [1m[35m (13.5ms)[0m  CREATE UNIQUE INDEX  "index_users_on_email" ON "users"  ("email")
  [1m[36m (16.2ms)[0m  [1mCREATE UNIQUE INDEX  "index_users_on_reset_password_token" ON "users"  ("reset_password_token")[0m
  [1m[35mSQL (6.9ms)[0m  INSERT INTO "schema_migrations" ("version") VALUES ($1)  [["version", "20151207022020"]]
  [1m[36m (4.9ms)[0m  [1mCOMMIT[0m
  [1m[35mActiveRecord::SchemaMigration Load (1.8ms)[0m  SELECT "schema_migrations".* FROM "schema_migrations"
  [1m[36m (25.8ms)[0m  [1mSELECT t2.oid::regclass::text AS to_table, a1.attname AS column, a2.attname AS primary_key, c.conname AS name, c.confupdtype AS on_update, c.confdeltype AS on_delete
FROM pg_constraint c
JOIN pg_class t1 ON c.conrelid = t1.oid
JOIN pg_class t2 ON c.confrelid = t2.oid
JOIN pg_attribute a1 ON a1.attnum = c.conkey[1] AND a1.attrelid = t1.oid
JOIN pg_attribute a2 ON a2.attnum = c.confkey[1] AND a2.attrelid = t2.oid
JOIN pg_namespace t3 ON c.connamespace = t3.oid
WHERE c.contype = 'f'
  AND t1.relname = 'students'
  AND t3.nspname = ANY (current_schemas(false))
ORDER BY c.conname
[0m
  [1m[35m (15.0ms)[0m  SELECT t2.oid::regclass::text AS to_table, a1.attname AS column, a2.attname AS primary_key, c.conname AS name, c.confupdtype AS on_update, c.confdeltype AS on_delete
FROM pg_constraint c
JOIN pg_class t1 ON c.conrelid = t1.oid
JOIN pg_class t2 ON c.confrelid = t2.oid
JOIN pg_attribute a1 ON a1.attnum = c.conkey[1] AND a1.attrelid = t1.oid
JOIN pg_attribute a2 ON a2.attnum = c.confkey[1] AND a2.attrelid = t2.oid
JOIN pg_namespace t3 ON c.connamespace = t3.oid
WHERE c.contype = 'f'
  AND t1.relname = 'students_talents'
  AND t3.nspname = ANY (current_schemas(false))
ORDER BY c.conname

  [1m[36m (21.7ms)[0m  [1mSELECT t2.oid::regclass::text AS to_table, a1.attname AS column, a2.attname AS primary_key, c.conname AS name, c.confupdtype AS on_update, c.confdeltype AS on_delete
FROM pg_constraint c
JOIN pg_class t1 ON c.conrelid = t1.oid
JOIN pg_class t2 ON c.confrelid = t2.oid
JOIN pg_attribute a1 ON a1.attnum = c.conkey[1] AND a1.attrelid = t1.oid
JOIN pg_attribute a2 ON a2.attnum = c.confkey[1] AND a2.attrelid = t2.oid
JOIN pg_namespace t3 ON c.connamespace = t3.oid
WHERE c.contype = 'f'
  AND t1.relname = 'talents'
  AND t3.nspname = ANY (current_schemas(false))
ORDER BY c.conname
[0m
  [1m[35m (16.3ms)[0m  SELECT t2.oid::regclass::text AS to_table, a1.attname AS column, a2.attname AS primary_key, c.conname AS name, c.confupdtype AS on_update, c.confdeltype AS on_delete
FROM pg_constraint c
JOIN pg_class t1 ON c.conrelid = t1.oid
JOIN pg_class t2 ON c.confrelid = t2.oid
JOIN pg_attribute a1 ON a1.attnum = c.conkey[1] AND a1.attrelid = t1.oid
JOIN pg_attribute a2 ON a2.attnum = c.confkey[1] AND a2.attrelid = t2.oid
JOIN pg_namespace t3 ON c.connamespace = t3.oid
WHERE c.contype = 'f'
  AND t1.relname = 'users'
  AND t3.nspname = ANY (current_schemas(false))
ORDER BY c.conname



Started GET "/" for 127.0.0.1 at 2015-12-07 11:43:24 -0800
  [1m[36mActiveRecord::SchemaMigration Load (1.4ms)[0m  [1mSELECT "schema_migrations".* FROM "schema_migrations"[0m
Processing by TalentsController#index as HTML
Completed 401 Unauthorized in 126ms (ActiveRecord: 0.0ms)


Started GET "/users/sign_in" for 127.0.0.1 at 2015-12-07 11:43:25 -0800
Processing by Devise::SessionsController#new as HTML
  Rendered /home/robert/.rbenv/versions/2.2.3/lib/ruby/gems/2.2.0/gems/devise-3.5.2/app/views/devise/shared/_links.html.erb (6.1ms)
  Rendered /home/robert/.rbenv/versions/2.2.3/lib/ruby/gems/2.2.0/gems/devise-3.5.2/app/views/devise/sessions/new.html.erb within layouts/application (213.4ms)
Completed 200 OK in 9891ms (Views: 9758.3ms | ActiveRecord: 13.6ms)


Started GET "/assets/application.self-4edf1c2bb1c12fbd2fb654ef0fa0637ff0b5d4e9c1dcef71f8230d0ff75023ee.css?body=1" for 127.0.0.1 at 2015-12-07 11:43:36 -0800


Started GET "/assets/bootstrap.min.self-66fe84b79c6d5db31355296a8c9627d232721fe3ac3c31f3554ccc7e999279b6.css?body=1" for 127.0.0.1 at 2015-12-07 11:43:36 -0800


Started GET "/assets/students.self-877aef30ae1b040ab8a3aba4e3e309a11d7f2612f44dde450b5c157aa5f95c05.js?body=1" for 127.0.0.1 at 2015-12-07 11:43:36 -0800


Started GET "/assets/bootstrap.min.self-d475868eedd65d9ab19f96e8574a2c8ce91ba7d64b8bbfa47cd55591a956ed67.js?body=1" for 127.0.0.1 at 2015-12-07 11:43:36 -0800


Started GET "/assets/application.self-f8806224e027f3e3f0138ea9ce99319e298dfdb323304d1f1be6eae8e8c74724.js?body=1" for 127.0.0.1 at 2015-12-07 11:43:36 -0800


Started GET "/assets/bootstrap.self-d0e973a52d36a01036265aeefaf2d1ae3499d2cb231a9be3bd846432daf231de.js?body=1" for 127.0.0.1 at 2015-12-07 11:43:36 -0800


Started GET "/users/sign_up" for 127.0.0.1 at 2015-12-07 11:43:42 -0800
Processing by Devise::RegistrationsController#new as HTML
  Rendered /home/robert/.rbenv/versions/2.2.3/lib/ruby/gems/2.2.0/gems/devise-3.5.2/app/views/devise/shared/_links.html.erb (5.7ms)
  Rendered /home/robert/.rbenv/versions/2.2.3/lib/ruby/gems/2.2.0/gems/devise-3.5.2/app/views/devise/registrations/new.html.erb within layouts/application (37.6ms)
Completed 200 OK in 431ms (Views: 420.5ms | ActiveRecord: 0.0ms)


Started POST "/users" for 127.0.0.1 at 2015-12-07 11:44:00 -0800
Processing by Devise::RegistrationsController#create as HTML
  Parameters: {"utf8"=>"✓", "authenticity_token"=>"Kps0+mg6o7VjZ7T5tKbWB+eZTM++vAlBaBPZRXM3wujxVLLoYu3A4+vMn012rVP8wRCfD2o4zIU231fDdLezmg==", "user"=>{"email"=>"sup@yahoo.com", "password"=>"[FILTERED]", "password_confirmation"=>"[FILTERED]"}, "commit"=>"Sign up"}
  [1m[35m (0.3ms)[0m  BEGIN
  [1m[36mUser Exists (3.5ms)[0m  [1mSELECT  1 AS one FROM "users" WHERE "users"."email" = 'sup@yahoo.com' LIMIT 1[0m
  [1m[35mSQL (2.5ms)[0m  INSERT INTO "users" ("email", "encrypted_password", "created_at", "updated_at") VALUES ($1, $2, $3, $4) RETURNING "id"  [["email", "sup@yahoo.com"], ["encrypted_password", "$2a$10$/9I3hfiVdWFwZ8G3K0Osdu.3LrzPIJK3bI8mMg3G6v67Axc4qniVi"], ["created_at", "2015-12-07 19:44:00.522471"], ["updated_at", "2015-12-07 19:44:00.522471"]]
  [1m[36m (2.3ms)[0m  [1mCOMMIT[0m
  [1m[35m (3.7ms)[0m  BEGIN
  [1m[36mSQL (1.1ms)[0m  [1mUPDATE "users" SET "last_sign_in_at" = $1, "current_sign_in_at" = $2, "last_sign_in_ip" = $3, "current_sign_in_ip" = $4, "sign_in_count" = $5, "updated_at" = $6 WHERE "users"."id" = $7[0m  [["last_sign_in_at", "2015-12-07 19:44:00.548121"], ["current_sign_in_at", "2015-12-07 19:44:00.548121"], ["last_sign_in_ip", "127.0.0.1/32"], ["current_sign_in_ip", "127.0.0.1/32"], ["sign_in_count", 1], ["updated_at", "2015-12-07 19:44:00.556113"], ["id", 1]]
  [1m[35m (2.1ms)[0m  COMMIT
Redirected to http://localhost:3000/
Completed 302 Found in 597ms (ActiveRecord: 20.9ms)


Started GET "/" for 127.0.0.1 at 2015-12-07 11:44:00 -0800
Processing by TalentsController#index as HTML
  [1m[36mUser Load (0.9ms)[0m  [1mSELECT  "users".* FROM "users" WHERE "users"."id" = $1  ORDER BY "users"."id" ASC LIMIT 1[0m  [["id", 1]]
  [1m[35mTalent Load (6.7ms)[0m  SELECT "talents".* FROM "talents"
  Rendered talents/index.html.erb within layouts/application (22.1ms)
Completed 200 OK in 635ms (Views: 447.1ms | ActiveRecord: 9.4ms)


Started GET "/talents" for 127.0.0.1 at 2015-12-07 11:44:08 -0800
Processing by TalentsController#index as HTML
  [1m[36mUser Load (0.9ms)[0m  [1mSELECT  "users".* FROM "users" WHERE "users"."id" = $1  ORDER BY "users"."id" ASC LIMIT 1[0m  [["id", 1]]
  [1m[35mTalent Load (0.6ms)[0m  SELECT "talents".* FROM "talents"
  Rendered talents/index.html.erb within layouts/application (15.8ms)
Completed 200 OK in 364ms (Views: 346.6ms | ActiveRecord: 1.5ms)


Started GET "/talents/new" for 127.0.0.1 at 2015-12-07 11:44:11 -0800
Processing by TalentsController#new as HTML
  [1m[36mUser Load (11.1ms)[0m  [1mSELECT  "users".* FROM "users" WHERE "users"."id" = $1  ORDER BY "users"."id" ASC LIMIT 1[0m  [["id", 1]]
  [1m[35mStudent Load (1.6ms)[0m  SELECT "students".* FROM "students"
  Rendered talents/_form.html.erb (420.8ms)
  Rendered talents/new.html.erb within layouts/application (443.2ms)
Completed 200 OK in 848ms (Views: 795.2ms | ActiveRecord: 19.8ms)


Started POST "/talents" for 127.0.0.1 at 2015-12-07 11:44:21 -0800
Processing by TalentsController#create as HTML
  Parameters: {"utf8"=>"✓", "authenticity_token"=>"OJYgWn4qw0Tc5pyAyFXE5QxySvG6jEpTnB3AoJmnSJjjWaZIdP2gElRNtzQKXkEeKvuZMW4Ij5fC0U4mnic56g==", "talent"=>{"name"=>"", "student_ids"=>[""]}, "commit"=>"Create Talent"}
  [1m[36mUser Load (0.9ms)[0m  [1mSELECT  "users".* FROM "users" WHERE "users"."id" = $1  ORDER BY "users"."id" ASC LIMIT 1[0m  [["id", 1]]
  [1m[35m (12.3ms)[0m  BEGIN
  [1m[36mSQL (6.2ms)[0m  [1mINSERT INTO "talents" ("name", "created_at", "updated_at") VALUES ($1, $2, $3) RETURNING "id"[0m  [["name", ""], ["created_at", "2015-12-07 19:44:21.876258"], ["updated_at", "2015-12-07 19:44:21.876258"]]
  [1m[35m (8.7ms)[0m  COMMIT
Redirected to http://localhost:3000/talents/1
Completed 302 Found in 98ms (ActiveRecord: 28.1ms)


Started GET "/talents/1" for 127.0.0.1 at 2015-12-07 11:44:22 -0800
Processing by TalentsController#show as HTML
  Parameters: {"id"=>"1"}
  [1m[36mUser Load (4.5ms)[0m  [1mSELECT  "users".* FROM "users" WHERE "users"."id" = $1  ORDER BY "users"."id" ASC LIMIT 1[0m  [["id", 1]]
  [1m[35mTalent Load (4.2ms)[0m  SELECT  "talents".* FROM "talents" WHERE "talents"."id" = $1 LIMIT 1  [["id", 1]]
  [1m[36mStudent Load (1.5ms)[0m  [1mSELECT "students".* FROM "students" INNER JOIN "students_talents" ON "students"."id" = "students_talents"."student_id" WHERE "students_talents"."talent_id" = $1[0m  [["talent_id", 1]]
  Rendered talents/show.html.erb within layouts/application (42.9ms)
Completed 200 OK in 548ms (Views: 508.6ms | ActiveRecord: 10.2ms)


Started GET "/talents/1/edit" for 127.0.0.1 at 2015-12-07 11:44:29 -0800
Processing by TalentsController#edit as HTML
  Parameters: {"id"=>"1"}
  [1m[35mUser Load (9.5ms)[0m  SELECT  "users".* FROM "users" WHERE "users"."id" = $1  ORDER BY "users"."id" ASC LIMIT 1  [["id", 1]]
  [1m[36mTalent Load (0.8ms)[0m  [1mSELECT  "talents".* FROM "talents" WHERE "talents"."id" = $1 LIMIT 1[0m  [["id", 1]]
  [1m[35mStudent Load (4.0ms)[0m  SELECT "students".* FROM "students" INNER JOIN "students_talents" ON "students"."id" = "students_talents"."student_id" WHERE "students_talents"."talent_id" = $1  [["talent_id", 1]]
  [1m[36mStudent Load (13.0ms)[0m  [1mSELECT "students".* FROM "students"[0m
  Rendered talents/_form.html.erb (87.4ms)
  Rendered talents/edit.html.erb within layouts/application (100.0ms)
Completed 200 OK in 528ms (Views: 484.8ms | ActiveRecord: 27.3ms)


Started GET "/students" for 127.0.0.1 at 2015-12-07 11:44:33 -0800
Processing by StudentsController#index as HTML
  [1m[35mUser Load (0.7ms)[0m  SELECT  "users".* FROM "users" WHERE "users"."id" = $1  ORDER BY "users"."id" ASC LIMIT 1  [["id", 1]]
  [1m[36mStudent Load (16.3ms)[0m  [1mSELECT "students".* FROM "students"[0m
  Rendered students/index.html.erb within layouts/application (22.4ms)
Completed 200 OK in 534ms (Views: 500.3ms | ActiveRecord: 17.1ms)


Started GET "/students/new" for 127.0.0.1 at 2015-12-07 11:44:36 -0800
Processing by StudentsController#new as HTML
  [1m[35mUser Load (0.5ms)[0m  SELECT  "users".* FROM "users" WHERE "users"."id" = $1  ORDER BY "users"."id" ASC LIMIT 1  [["id", 1]]
  Rendered students/_form.html.erb (34.3ms)
  Rendered students/new.html.erb within layouts/application (45.4ms)
Completed 200 OK in 443ms (Views: 408.6ms | ActiveRecord: 0.5ms)


Started GET "/talents/new" for 127.0.0.1 at 2015-12-07 11:45:00 -0800
Processing by TalentsController#new as HTML
  [1m[36mUser Load (4.6ms)[0m  [1mSELECT  "users".* FROM "users" WHERE "users"."id" = $1  ORDER BY "users"."id" ASC LIMIT 1[0m  [["id", 1]]
  [1m[35mStudent Load (5.1ms)[0m  SELECT "students".* FROM "students"
  Rendered talents/_form.html.erb (80.6ms)
  Rendered talents/new.html.erb within layouts/application (89.7ms)
Completed 200 OK in 627ms (Views: 609.7ms | ActiveRecord: 9.7ms)


Started GET "/students" for 127.0.0.1 at 2015-12-07 11:45:05 -0800
Processing by StudentsController#index as HTML
  [1m[36mUser Load (0.9ms)[0m  [1mSELECT  "users".* FROM "users" WHERE "users"."id" = $1  ORDER BY "users"."id" ASC LIMIT 1[0m  [["id", 1]]
  [1m[35mStudent Load (0.6ms)[0m  SELECT "students".* FROM "students"
  Rendered students/index.html.erb within layouts/application (8.4ms)
Completed 200 OK in 345ms (Views: 321.6ms | ActiveRecord: 1.5ms)


Started GET "/students/new" for 127.0.0.1 at 2015-12-07 11:45:09 -0800
Processing by StudentsController#new as HTML
  [1m[36mUser Load (5.4ms)[0m  [1mSELECT  "users".* FROM "users" WHERE "users"."id" = $1  ORDER BY "users"."id" ASC LIMIT 1[0m  [["id", 1]]
  Rendered students/_form.html.erb (10.9ms)
  Rendered students/new.html.erb within layouts/application (24.6ms)
Completed 200 OK in 506ms (Views: 494.4ms | ActiveRecord: 5.4ms)


Started POST "/students" for 127.0.0.1 at 2015-12-07 11:45:24 -0800
Processing by StudentsController#create as HTML
  Parameters: {"utf8"=>"✓", "authenticity_token"=>"7zAq3PuCe21MvoknQ4DUgllZiXEmve6Vw0uM6rQap580/6zO8VUYO8QVopOBi1F5f9BasfI5K1GdhwJss5rW7Q==", "student"=>{"name"=>"Roberto Cervantes", "email"=>"sup@yahoo.com"}, "commit"=>"Create Student"}
  [1m[35mUser Load (6.9ms)[0m  SELECT  "users".* FROM "users" WHERE "users"."id" = $1  ORDER BY "users"."id" ASC LIMIT 1  [["id", 1]]
  [1m[36m (4.1ms)[0m  [1mBEGIN[0m
  [1m[35mSQL (1.3ms)[0m  INSERT INTO "students" ("name", "email", "created_at", "updated_at") VALUES ($1, $2, $3, $4) RETURNING "id"  [["name", "Roberto Cervantes"], ["email", "sup@yahoo.com"], ["created_at", "2015-12-07 19:45:24.961294"], ["updated_at", "2015-12-07 19:45:24.961294"]]
  [1m[36m (3.9ms)[0m  [1mCOMMIT[0m
Redirected to http://localhost:3000/students/1
Completed 302 Found in 59ms (ActiveRecord: 16.2ms)


Started GET "/students/1" for 127.0.0.1 at 2015-12-07 11:45:25 -0800
Processing by StudentsController#show as HTML
  Parameters: {"id"=>"1"}
  [1m[35mUser Load (7.8ms)[0m  SELECT  "users".* FROM "users" WHERE "users"."id" = $1  ORDER BY "users"."id" ASC LIMIT 1  [["id", 1]]
  [1m[36mStudent Load (1.4ms)[0m  [1mSELECT  "students".* FROM "students" WHERE "students"."id" = $1 LIMIT 1[0m  [["id", 1]]
  Rendered students/show.html.erb within layouts/application (8.6ms)
Completed 200 OK in 495ms (Views: 450.6ms | ActiveRecord: 9.2ms)


Started GET "/students" for 127.0.0.1 at 2015-12-07 11:45:29 -0800
Processing by StudentsController#index as HTML
  [1m[35mUser Load (6.1ms)[0m  SELECT  "users".* FROM "users" WHERE "users"."id" = $1  ORDER BY "users"."id" ASC LIMIT 1  [["id", 1]]
  [1m[36mStudent Load (4.9ms)[0m  [1mSELECT "students".* FROM "students"[0m
  Rendered students/index.html.erb within layouts/application (10.2ms)
Completed 200 OK in 389ms (Views: 370.4ms | ActiveRecord: 11.0ms)


Started GET "/talents/new" for 127.0.0.1 at 2015-12-07 11:45:35 -0800
Processing by TalentsController#new as HTML
  [1m[35mUser Load (13.5ms)[0m  SELECT  "users".* FROM "users" WHERE "users"."id" = $1  ORDER BY "users"."id" ASC LIMIT 1  [["id", 1]]
  [1m[36mStudent Load (0.8ms)[0m  [1mSELECT "students".* FROM "students"[0m
  Rendered talents/_form.html.erb (62.2ms)
  Rendered talents/new.html.erb within layouts/application (71.3ms)
Completed 200 OK in 486ms (Views: 463.5ms | ActiveRecord: 14.3ms)


Started POST "/talents" for 127.0.0.1 at 2015-12-07 11:45:49 -0800
Processing by TalentsController#create as HTML
  Parameters: {"utf8"=>"✓", "authenticity_token"=>"gr91sQ9mCh6Df5lX88qAYl4wx0BgdB4KEInoNubI5BhZcPOjBbFpSAvUsuMxwQWZeLkUgLTw285ORWaw4UiVag==", "talent"=>{"name"=>"Eating", "student_ids"=>["", "1"]}, "commit"=>"Create Talent"}
  [1m[35mUser Load (2.2ms)[0m  SELECT  "users".* FROM "users" WHERE "users"."id" = $1  ORDER BY "users"."id" ASC LIMIT 1  [["id", 1]]
  [1m[36mStudent Load (3.9ms)[0m  [1mSELECT  "students".* FROM "students" WHERE "students"."id" = $1 LIMIT 1[0m  [["id", 1]]
  [1m[35m (2.5ms)[0m  BEGIN
  [1m[36mSQL (5.6ms)[0m  [1mINSERT INTO "talents" ("name", "created_at", "updated_at") VALUES ($1, $2, $3) RETURNING "id"[0m  [["name", "Eating"], ["created_at", "2015-12-07 19:45:49.409490"], ["updated_at", "2015-12-07 19:45:49.409490"]]
  [1m[35mSQL (3.7ms)[0m  INSERT INTO "students_talents" ("student_id", "talent_id") VALUES ($1, $2) RETURNING "id"  [["student_id", 1], ["talent_id", 2]]
  [1m[36m (6.1ms)[0m  [1mCOMMIT[0m
Redirected to http://localhost:3000/talents/2
Completed 302 Found in 171ms (ActiveRecord: 27.8ms)


Started GET "/talents/2" for 127.0.0.1 at 2015-12-07 11:45:49 -0800
Processing by TalentsController#show as HTML
  Parameters: {"id"=>"2"}
  [1m[35mUser Load (0.7ms)[0m  SELECT  "users".* FROM "users" WHERE "users"."id" = $1  ORDER BY "users"."id" ASC LIMIT 1  [["id", 1]]
  [1m[36mTalent Load (3.5ms)[0m  [1mSELECT  "talents".* FROM "talents" WHERE "talents"."id" = $1 LIMIT 1[0m  [["id", 2]]
  [1m[35mStudent Load (5.3ms)[0m  SELECT "students".* FROM "students" INNER JOIN "students_talents" ON "students"."id" = "students_talents"."student_id" WHERE "students_talents"."talent_id" = $1  [["talent_id", 2]]
  Rendered talents/show.html.erb within layouts/application (21.3ms)
Completed 200 OK in 438ms (Views: 403.8ms | ActiveRecord: 9.4ms)


Started GET "/talents/2/edit" for 127.0.0.1 at 2015-12-07 11:45:56 -0800
Processing by TalentsController#edit as HTML
  Parameters: {"id"=>"2"}
  [1m[36mUser Load (8.4ms)[0m  [1mSELECT  "users".* FROM "users" WHERE "users"."id" = $1  ORDER BY "users"."id" ASC LIMIT 1[0m  [["id", 1]]
  [1m[35mTalent Load (0.8ms)[0m  SELECT  "talents".* FROM "talents" WHERE "talents"."id" = $1 LIMIT 1  [["id", 2]]
  [1m[36mStudent Load (5.9ms)[0m  [1mSELECT "students".* FROM "students" INNER JOIN "students_talents" ON "students"."id" = "students_talents"."student_id" WHERE "students_talents"."talent_id" = $1[0m  [["talent_id", 2]]
  [1m[35mStudent Load (0.7ms)[0m  SELECT "students".* FROM "students"
  Rendered talents/_form.html.erb (85.6ms)
  Rendered talents/edit.html.erb within layouts/application (90.7ms)
Completed 200 OK in 486ms (Views: 455.1ms | ActiveRecord: 15.7ms)


Started GET "/talents" for 127.0.0.1 at 2015-12-07 11:46:02 -0800
Processing by TalentsController#index as HTML
  [1m[36mUser Load (11.2ms)[0m  [1mSELECT  "users".* FROM "users" WHERE "users"."id" = $1  ORDER BY "users"."id" ASC LIMIT 1[0m  [["id", 1]]
  [1m[35mTalent Load (5.5ms)[0m  SELECT "talents".* FROM "talents"
  Rendered talents/index.html.erb within layouts/application (16.2ms)
Completed 200 OK in 364ms (Views: 339.4ms | ActiveRecord: 16.7ms)
  [1m[36mActiveRecord::SchemaMigration Load (0.2ms)[0m  [1mSELECT "schema_migrations".* FROM "schema_migrations"[0m
  [1m[35mActiveRecord::SchemaMigration Load (0.1ms)[0m  SELECT "schema_migrations".* FROM "schema_migrations"
  [1m[36m (1.9ms)[0m  [1mSELECT t2.oid::regclass::text AS to_table, a1.attname AS column, a2.attname AS primary_key, c.conname AS name, c.confupdtype AS on_update, c.confdeltype AS on_delete
FROM pg_constraint c
JOIN pg_class t1 ON c.conrelid = t1.oid
JOIN pg_class t2 ON c.confrelid = t2.oid
JOIN pg_attribute a1 ON a1.attnum = c.conkey[1] AND a1.attrelid = t1.oid
JOIN pg_attribute a2 ON a2.attnum = c.confkey[1] AND a2.attrelid = t2.oid
JOIN pg_namespace t3 ON c.connamespace = t3.oid
WHERE c.contype = 'f'
  AND t1.relname = 'students'
  AND t3.nspname = ANY (current_schemas(false))
ORDER BY c.conname
[0m
  [1m[35m (2.4ms)[0m  SELECT t2.oid::regclass::text AS to_table, a1.attname AS column, a2.attname AS primary_key, c.conname AS name, c.confupdtype AS on_update, c.confdeltype AS on_delete
FROM pg_constraint c
JOIN pg_class t1 ON c.conrelid = t1.oid
JOIN pg_class t2 ON c.confrelid = t2.oid
JOIN pg_attribute a1 ON a1.attnum = c.conkey[1] AND a1.attrelid = t1.oid
JOIN pg_attribute a2 ON a2.attnum = c.confkey[1] AND a2.attrelid = t2.oid
JOIN pg_namespace t3 ON c.connamespace = t3.oid
WHERE c.contype = 'f'
  AND t1.relname = 'students_talents'
  AND t3.nspname = ANY (current_schemas(false))
ORDER BY c.conname

  [1m[36m (1.9ms)[0m  [1mSELECT t2.oid::regclass::text AS to_table, a1.attname AS column, a2.attname AS primary_key, c.conname AS name, c.confupdtype AS on_update, c.confdeltype AS on_delete
FROM pg_constraint c
JOIN pg_class t1 ON c.conrelid = t1.oid
JOIN pg_class t2 ON c.confrelid = t2.oid
JOIN pg_attribute a1 ON a1.attnum = c.conkey[1] AND a1.attrelid = t1.oid
JOIN pg_attribute a2 ON a2.attnum = c.confkey[1] AND a2.attrelid = t2.oid
JOIN pg_namespace t3 ON c.connamespace = t3.oid
WHERE c.contype = 'f'
  AND t1.relname = 'talents'
  AND t3.nspname = ANY (current_schemas(false))
ORDER BY c.conname
[0m
  [1m[35m (1.5ms)[0m  SELECT t2.oid::regclass::text AS to_table, a1.attname AS column, a2.attname AS primary_key, c.conname AS name, c.confupdtype AS on_update, c.confdeltype AS on_delete
FROM pg_constraint c
JOIN pg_class t1 ON c.conrelid = t1.oid
JOIN pg_class t2 ON c.confrelid = t2.oid
JOIN pg_attribute a1 ON a1.attnum = c.conkey[1] AND a1.attrelid = t1.oid
JOIN pg_attribute a2 ON a2.attnum = c.confkey[1] AND a2.attrelid = t2.oid
JOIN pg_namespace t3 ON c.connamespace = t3.oid
WHERE c.contype = 'f'
  AND t1.relname = 'users'
  AND t3.nspname = ANY (current_schemas(false))
ORDER BY c.conname



Started GET "/" for 127.0.0.1 at 2017-03-31 15:13:22 -0700
  [1m[36mActiveRecord::SchemaMigration Load (52.9ms)[0m  [1mSELECT "schema_migrations".* FROM "schema_migrations"[0m
Processing by TalentsController#index as HTML
Completed 401 Unauthorized in 82ms (ActiveRecord: 0.0ms)


Started GET "/users/sign_in" for 127.0.0.1 at 2017-03-31 15:13:24 -0700
Processing by Devise::SessionsController#new as HTML
  Rendered /home/brian/.rbenv/versions/2.2.3/lib/ruby/gems/2.2.0/gems/devise-3.5.2/app/views/devise/shared/_links.html.erb (7.0ms)
  Rendered /home/brian/.rbenv/versions/2.2.3/lib/ruby/gems/2.2.0/gems/devise-3.5.2/app/views/devise/sessions/new.html.erb within layouts/application (99.7ms)
Completed 200 OK in 3150ms (Views: 2813.6ms | ActiveRecord: 286.8ms)


Started GET "/assets/application.self-4edf1c2bb1c12fbd2fb654ef0fa0637ff0b5d4e9c1dcef71f8230d0ff75023ee.css?body=1" for 127.0.0.1 at 2017-03-31 15:13:27 -0700


Started GET "/assets/bootstrap.min.self-66fe84b79c6d5db31355296a8c9627d232721fe3ac3c31f3554ccc7e999279b6.css?body=1" for 127.0.0.1 at 2017-03-31 15:13:27 -0700


Started GET "/assets/bootstrap.self-d0e973a52d36a01036265aeefaf2d1ae3499d2cb231a9be3bd846432daf231de.js?body=1" for 127.0.0.1 at 2017-03-31 15:13:27 -0700


Started GET "/assets/npm.self-f66d504f2cd5bddaaade9c854b02828e5e46d225517ab9feebe1af2615566b1e.js?body=1" for 127.0.0.1 at 2017-03-31 15:13:27 -0700


Started GET "/assets/bootstrap.min.self-d475868eedd65d9ab19f96e8574a2c8ce91ba7d64b8bbfa47cd55591a956ed67.js?body=1" for 127.0.0.1 at 2017-03-31 15:13:27 -0700


Started GET "/assets/students.self-877aef30ae1b040ab8a3aba4e3e309a11d7f2612f44dde450b5c157aa5f95c05.js?body=1" for 127.0.0.1 at 2017-03-31 15:13:27 -0700


Started GET "/users/sign_up" for 127.0.0.1 at 2017-03-31 15:13:38 -0700
Processing by Devise::RegistrationsController#new as HTML
  Rendered /home/brian/.rbenv/versions/2.2.3/lib/ruby/gems/2.2.0/gems/devise-3.5.2/app/views/devise/shared/_links.html.erb (1.1ms)
  Rendered /home/brian/.rbenv/versions/2.2.3/lib/ruby/gems/2.2.0/gems/devise-3.5.2/app/views/devise/registrations/new.html.erb within layouts/application (58.9ms)
Completed 200 OK in 313ms (Views: 310.3ms | ActiveRecord: 0.0ms)


Started POST "/users" for 127.0.0.1 at 2017-03-31 15:13:49 -0700
Processing by Devise::RegistrationsController#create as HTML
  Parameters: {"utf8"=>"✓", "authenticity_token"=>"d7JU02NokLd+/bIp6tLJ40V+Mxk2ai6Ma3YvluYxZWLZdQHC5lWKAAObWa8HVSTNq2CH1PgwdS20kdXjZyUXHA==", "user"=>{"email"=>"brianr852@gmail.com", "password"=>"[FILTERED]", "password_confirmation"=>"[FILTERED]"}, "commit"=>"Sign up"}
  [1m[35m (4.1ms)[0m  BEGIN
  [1m[36mUser Exists (42.8ms)[0m  [1mSELECT  1 AS one FROM "users" WHERE "users"."email" = 'brianr852@gmail.com' LIMIT 1[0m
  [1m[35m (1.4ms)[0m  ROLLBACK
  Rendered /home/brian/.rbenv/versions/2.2.3/lib/ruby/gems/2.2.0/gems/devise-3.5.2/app/views/devise/shared/_links.html.erb (0.8ms)
  Rendered /home/brian/.rbenv/versions/2.2.3/lib/ruby/gems/2.2.0/gems/devise-3.5.2/app/views/devise/registrations/new.html.erb within layouts/application (18.2ms)
Completed 200 OK in 780ms (Views: 268.9ms | ActiveRecord: 48.4ms)


Started GET "/users/sign_in" for 127.0.0.1 at 2017-03-31 15:13:57 -0700
Processing by Devise::SessionsController#new as HTML
  Rendered /home/brian/.rbenv/versions/2.2.3/lib/ruby/gems/2.2.0/gems/devise-3.5.2/app/views/devise/shared/_links.html.erb (0.9ms)
  Rendered /home/brian/.rbenv/versions/2.2.3/lib/ruby/gems/2.2.0/gems/devise-3.5.2/app/views/devise/sessions/new.html.erb within layouts/application (19.5ms)
Completed 200 OK in 287ms (Views: 280.7ms | ActiveRecord: 0.0ms)


Started POST "/users/sign_in" for 127.0.0.1 at 2017-03-31 15:14:06 -0700
Processing by Devise::SessionsController#create as HTML
  Parameters: {"utf8"=>"✓", "authenticity_token"=>"jz6u4ANPFrkIakx7bKgQAK89tkB/s9bxY/+An9ek3jYh+fvxhnIMDnUMp/2BL/0uQSMCjbHpjVC8GHrqVrCsSA==", "user"=>{"email"=>"brianr852@gmail.com", "password"=>"[FILTERED]", "remember_me"=>"0"}, "commit"=>"Log in"}
  [1m[36mUser Load (0.7ms)[0m  [1mSELECT  "users".* FROM "users" WHERE "users"."email" = $1  ORDER BY "users"."id" ASC LIMIT 1[0m  [["email", "brianr852@gmail.com"]]
Completed 401 Unauthorized in 544ms (ActiveRecord: 1.0ms)
Processing by Devise::SessionsController#new as HTML
  Parameters: {"utf8"=>"✓", "authenticity_token"=>"jz6u4ANPFrkIakx7bKgQAK89tkB/s9bxY/+An9ek3jYh+fvxhnIMDnUMp/2BL/0uQSMCjbHpjVC8GHrqVrCsSA==", "user"=>{"email"=>"brianr852@gmail.com", "password"=>"[FILTERED]", "remember_me"=>"0"}, "commit"=>"Log in"}
  Rendered /home/brian/.rbenv/versions/2.2.3/lib/ruby/gems/2.2.0/gems/devise-3.5.2/app/views/devise/shared/_links.html.erb (0.9ms)
  Rendered /home/brian/.rbenv/versions/2.2.3/lib/ruby/gems/2.2.0/gems/devise-3.5.2/app/views/devise/sessions/new.html.erb within layouts/application (17.7ms)
Completed 200 OK in 745ms (Views: 342.5ms | ActiveRecord: 0.0ms)


Started POST "/users/sign_in" for 127.0.0.1 at 2017-03-31 15:14:16 -0700
Processing by Devise::SessionsController#create as HTML
  Parameters: {"utf8"=>"✓", "authenticity_token"=>"dSfbXx3lMa8biyzub+JrhjC2Kryg93i2XRkaHtoVs1zb4I5OmNgrGGbtx2iCZYao3qiecW6tIxeC/uBrWwHBIg==", "user"=>{"email"=>"brianr852@gmail.com", "password"=>"[FILTERED]", "remember_me"=>"0"}, "commit"=>"Log in"}
  [1m[35mUser Load (8.0ms)[0m  SELECT  "users".* FROM "users" WHERE "users"."email" = $1  ORDER BY "users"."id" ASC LIMIT 1  [["email", "brianr852@gmail.com"]]
Completed 401 Unauthorized in 459ms (ActiveRecord: 8.0ms)
Processing by Devise::SessionsController#new as HTML
  Parameters: {"utf8"=>"✓", "authenticity_token"=>"dSfbXx3lMa8biyzub+JrhjC2Kryg93i2XRkaHtoVs1zb4I5OmNgrGGbtx2iCZYao3qiecW6tIxeC/uBrWwHBIg==", "user"=>{"email"=>"brianr852@gmail.com", "password"=>"[FILTERED]", "remember_me"=>"0"}, "commit"=>"Log in"}
  Rendered /home/brian/.rbenv/versions/2.2.3/lib/ruby/gems/2.2.0/gems/devise-3.5.2/app/views/devise/shared/_links.html.erb (1.0ms)
  Rendered /home/brian/.rbenv/versions/2.2.3/lib/ruby/gems/2.2.0/gems/devise-3.5.2/app/views/devise/sessions/new.html.erb within layouts/application (13.7ms)
Completed 200 OK in 694ms (Views: 307.3ms | ActiveRecord: 0.0ms)


Started GET "/users/sign_up" for 127.0.0.1 at 2017-03-31 15:14:23 -0700
Processing by Devise::RegistrationsController#new as HTML
  Rendered /home/brian/.rbenv/versions/2.2.3/lib/ruby/gems/2.2.0/gems/devise-3.5.2/app/views/devise/shared/_links.html.erb (0.8ms)
  Rendered /home/brian/.rbenv/versions/2.2.3/lib/ruby/gems/2.2.0/gems/devise-3.5.2/app/views/devise/registrations/new.html.erb within layouts/application (19.9ms)
Completed 200 OK in 301ms (Views: 295.8ms | ActiveRecord: 0.0ms)


Started POST "/users" for 127.0.0.1 at 2017-03-31 15:14:41 -0700
Processing by Devise::RegistrationsController#create as HTML
  Parameters: {"utf8"=>"✓", "authenticity_token"=>"I65nrkbNj7vnMXZiryVDCZL6iwFMsRwJiyg2NeWF8qyNaTK/w/CVDJpXneRCoq4nfOQ/zILrR6hUz8xAZJGA0g==", "user"=>{"email"=>"brian852@gmail.com", "password"=>"[FILTERED]", "password_confirmation"=>"[FILTERED]"}, "commit"=>"Sign up"}
  [1m[36m (0.2ms)[0m  [1mBEGIN[0m
  [1m[35mUser Exists (4.7ms)[0m  SELECT  1 AS one FROM "users" WHERE "users"."email" = 'brian852@gmail.com' LIMIT 1
  [1m[36mSQL (16.5ms)[0m  [1mINSERT INTO "users" ("email", "encrypted_password", "created_at", "updated_at") VALUES ($1, $2, $3, $4) RETURNING "id"[0m  [["email", "brian852@gmail.com"], ["encrypted_password", "$2a$10$uGH/Qnj1Ld7fVN6YdVh10OxLq5cDPMAhlasHDcTs4dKneNMbUg7Uy"], ["created_at", "2017-03-31 22:14:42.365756"], ["updated_at", "2017-03-31 22:14:42.365756"]]
  [1m[35m (13.2ms)[0m  COMMIT
  [1m[36m (0.2ms)[0m  [1mBEGIN[0m
  [1m[35mSQL (0.6ms)[0m  UPDATE "users" SET "last_sign_in_at" = $1, "current_sign_in_at" = $2, "last_sign_in_ip" = $3, "current_sign_in_ip" = $4, "sign_in_count" = $5, "updated_at" = $6 WHERE "users"."id" = $7  [["last_sign_in_at", "2017-03-31 22:14:42.400753"], ["current_sign_in_at", "2017-03-31 22:14:42.400753"], ["last_sign_in_ip", "127.0.0.1/32"], ["current_sign_in_ip", "127.0.0.1/32"], ["sign_in_count", 1], ["updated_at", "2017-03-31 22:14:42.408223"], ["id", 2]]
  [1m[36m (2.6ms)[0m  [1mCOMMIT[0m
Redirected to http://localhost:3000/
Completed 302 Found in 442ms (ActiveRecord: 38.0ms)


Started GET "/" for 127.0.0.1 at 2017-03-31 15:14:42 -0700
Processing by TalentsController#index as HTML
  [1m[35mUser Load (0.5ms)[0m  SELECT  "users".* FROM "users" WHERE "users"."id" = $1  ORDER BY "users"."id" ASC LIMIT 1  [["id", 2]]
  [1m[36mTalent Load (31.2ms)[0m  [1mSELECT "talents".* FROM "talents"[0m
  Rendered talents/index.html.erb within layouts/application (56.8ms)
Completed 200 OK in 467ms (Views: 364.0ms | ActiveRecord: 33.9ms)


Started GET "/students" for 127.0.0.1 at 2017-03-31 15:14:47 -0700
Processing by StudentsController#index as HTML
  [1m[35mUser Load (1.6ms)[0m  SELECT  "users".* FROM "users" WHERE "users"."id" = $1  ORDER BY "users"."id" ASC LIMIT 1  [["id", 2]]
  [1m[36mStudent Load (22.8ms)[0m  [1mSELECT "students".* FROM "students"[0m
  Rendered students/index.html.erb within layouts/application (52.7ms)
Completed 200 OK in 336ms (Views: 276.3ms | ActiveRecord: 26.6ms)


Started GET "/students" for 127.0.0.1 at 2017-03-31 15:14:50 -0700
Processing by StudentsController#index as HTML
  [1m[35mUser Load (4.7ms)[0m  SELECT  "users".* FROM "users" WHERE "users"."id" = $1  ORDER BY "users"."id" ASC LIMIT 1  [["id", 2]]
  [1m[36mStudent Load (0.7ms)[0m  [1mSELECT "students".* FROM "students"[0m
  Rendered students/index.html.erb within layouts/application (4.7ms)
Completed 200 OK in 295ms (Views: 276.2ms | ActiveRecord: 5.4ms)


Started GET "/talents" for 127.0.0.1 at 2017-03-31 15:14:52 -0700
Processing by TalentsController#index as HTML
  [1m[35mUser Load (5.1ms)[0m  SELECT  "users".* FROM "users" WHERE "users"."id" = $1  ORDER BY "users"."id" ASC LIMIT 1  [["id", 2]]
  [1m[36mTalent Load (8.9ms)[0m  [1mSELECT "talents".* FROM "talents"[0m
  Rendered talents/index.html.erb within layouts/application (14.9ms)
Completed 200 OK in 266ms (Views: 246.4ms | ActiveRecord: 14.0ms)


Started GET "/students" for 127.0.0.1 at 2017-03-31 15:15:00 -0700
Processing by StudentsController#index as HTML
  [1m[35mUser Load (7.6ms)[0m  SELECT  "users".* FROM "users" WHERE "users"."id" = $1  ORDER BY "users"."id" ASC LIMIT 1  [["id", 2]]
  [1m[36mStudent Load (6.6ms)[0m  [1mSELECT "students".* FROM "students"[0m
  Rendered students/index.html.erb within layouts/application (10.9ms)
Completed 200 OK in 279ms (Views: 260.8ms | ActiveRecord: 14.2ms)


Started GET "/students/3/edit" for 127.0.0.1 at 2017-03-31 15:15:12 -0700
Processing by StudentsController#edit as HTML
  Parameters: {"id"=>"3"}
  [1m[35mUser Load (0.6ms)[0m  SELECT  "users".* FROM "users" WHERE "users"."id" = $1  ORDER BY "users"."id" ASC LIMIT 1  [["id", 2]]
  [1m[36mStudent Load (5.4ms)[0m  [1mSELECT  "students".* FROM "students" WHERE "students"."id" = $1 LIMIT 1[0m  [["id", 3]]
  Rendered students/_form.html.erb (14.9ms)
  Rendered students/edit.html.erb within layouts/application (25.3ms)
Completed 200 OK in 335ms (Views: 305.1ms | ActiveRecord: 6.0ms)


Started PATCH "/students/3" for 127.0.0.1 at 2017-03-31 15:15:28 -0700
Processing by StudentsController#update as HTML
  Parameters: {"utf8"=>"✓", "authenticity_token"=>"eEe2WhdwiJ8SOaTNoU1tIzw1ae9rhvh4MKaPy2C24wvWgONLkk2SKG9fT0tMyoAN0ivdIqXco9nvQXW+4aKRdQ==", "student"=>{"name"=>"ace", "email"=>"ace@gmail.com"}, "commit"=>"Update Student", "id"=>"3"}
  [1m[35mUser Load (3.4ms)[0m  SELECT  "users".* FROM "users" WHERE "users"."id" = $1  ORDER BY "users"."id" ASC LIMIT 1  [["id", 2]]
  [1m[36mStudent Load (2.8ms)[0m  [1mSELECT  "students".* FROM "students" WHERE "students"."id" = $1 LIMIT 1[0m  [["id", 3]]
  [1m[35m (5.2ms)[0m  BEGIN
  [1m[36mSQL (0.5ms)[0m  [1mUPDATE "students" SET "name" = $1, "email" = $2, "updated_at" = $3 WHERE "students"."id" = $4[0m  [["name", "ace"], ["email", "ace@gmail.com"], ["updated_at", "2017-03-31 22:15:28.134316"], ["id", 3]]
  [1m[35m (1.7ms)[0m  COMMIT
Redirected to http://localhost:3000/students/3
Completed 302 Found in 29ms (ActiveRecord: 13.6ms)


Started GET "/students/3" for 127.0.0.1 at 2017-03-31 15:15:28 -0700
Processing by StudentsController#show as HTML
  Parameters: {"id"=>"3"}
  [1m[36mUser Load (5.8ms)[0m  [1mSELECT  "users".* FROM "users" WHERE "users"."id" = $1  ORDER BY "users"."id" ASC LIMIT 1[0m  [["id", 2]]
  [1m[35mStudent Load (0.6ms)[0m  SELECT  "students".* FROM "students" WHERE "students"."id" = $1 LIMIT 1  [["id", 3]]
  Rendered students/show.html.erb within layouts/application (5.7ms)
Completed 200 OK in 269ms (Views: 256.2ms | ActiveRecord: 6.4ms)


Started GET "/students" for 127.0.0.1 at 2017-03-31 15:15:32 -0700
Processing by StudentsController#index as HTML
  [1m[36mUser Load (0.2ms)[0m  [1mSELECT  "users".* FROM "users" WHERE "users"."id" = $1  ORDER BY "users"."id" ASC LIMIT 1[0m  [["id", 2]]
  [1m[35mStudent Load (0.6ms)[0m  SELECT "students".* FROM "students"
  Rendered students/index.html.erb within layouts/application (13.1ms)
Completed 200 OK in 269ms (Views: 265.1ms | ActiveRecord: 0.8ms)


Started GET "/students/2/edit" for 127.0.0.1 at 2017-03-31 15:15:38 -0700
Processing by StudentsController#edit as HTML
  Parameters: {"id"=>"2"}
  [1m[36mUser Load (8.9ms)[0m  [1mSELECT  "users".* FROM "users" WHERE "users"."id" = $1  ORDER BY "users"."id" ASC LIMIT 1[0m  [["id", 2]]
  [1m[35mStudent Load (1.6ms)[0m  SELECT  "students".* FROM "students" WHERE "students"."id" = $1 LIMIT 1  [["id", 2]]
  Rendered students/_form.html.erb (10.7ms)
  Rendered students/edit.html.erb within layouts/application (13.6ms)
Completed 200 OK in 267ms (Views: 250.6ms | ActiveRecord: 10.4ms)


Started PATCH "/students/2" for 127.0.0.1 at 2017-03-31 15:15:56 -0700
Processing by StudentsController#update as HTML
  Parameters: {"utf8"=>"✓", "authenticity_token"=>"MSjJ6M65LwouvQltNZsbP6E1o/4ZzH5/SWrAa2jrolmf75z5S4Q1vVPb4uvYHPYRTysXM9eWJd6WjToe6f/QJw==", "student"=>{"name"=>"Bob", "email"=>"bob@gmail.com"}, "commit"=>"Update Student", "id"=>"2"}
  [1m[36mUser Load (1.8ms)[0m  [1mSELECT  "users".* FROM "users" WHERE "users"."id" = $1  ORDER BY "users"."id" ASC LIMIT 1[0m  [["id", 2]]
  [1m[35mStudent Load (6.3ms)[0m  SELECT  "students".* FROM "students" WHERE "students"."id" = $1 LIMIT 1  [["id", 2]]
  [1m[36m (0.2ms)[0m  [1mBEGIN[0m
  [1m[35mSQL (4.6ms)[0m  UPDATE "students" SET "name" = $1, "email" = $2, "updated_at" = $3 WHERE "students"."id" = $4  [["name", "Bob"], ["email", "bob@gmail.com"], ["updated_at", "2017-03-31 22:15:56.817513"], ["id", 2]]
  [1m[36m (21.0ms)[0m  [1mCOMMIT[0m
Redirected to http://localhost:3000/students/2
Completed 302 Found in 51ms (ActiveRecord: 33.9ms)


Started GET "/students/2" for 127.0.0.1 at 2017-03-31 15:15:56 -0700
Processing by StudentsController#show as HTML
  Parameters: {"id"=>"2"}
  [1m[35mUser Load (0.6ms)[0m  SELECT  "users".* FROM "users" WHERE "users"."id" = $1  ORDER BY "users"."id" ASC LIMIT 1  [["id", 2]]
  [1m[36mStudent Load (0.8ms)[0m  [1mSELECT  "students".* FROM "students" WHERE "students"."id" = $1 LIMIT 1[0m  [["id", 2]]
  Rendered students/show.html.erb within layouts/application (1.2ms)
Completed 200 OK in 259ms (Views: 247.0ms | ActiveRecord: 1.5ms)


Started GET "/students" for 127.0.0.1 at 2017-03-31 15:16:00 -0700
Processing by StudentsController#index as HTML
  [1m[35mUser Load (2.7ms)[0m  SELECT  "users".* FROM "users" WHERE "users"."id" = $1  ORDER BY "users"."id" ASC LIMIT 1  [["id", 2]]
  [1m[36mStudent Load (6.0ms)[0m  [1mSELECT "students".* FROM "students"[0m
  Rendered students/index.html.erb within layouts/application (10.5ms)
Completed 200 OK in 288ms (Views: 272.4ms | ActiveRecord: 8.7ms)


Started GET "/talents" for 127.0.0.1 at 2017-03-31 15:16:07 -0700
Processing by TalentsController#index as HTML
  [1m[35mUser Load (3.6ms)[0m  SELECT  "users".* FROM "users" WHERE "users"."id" = $1  ORDER BY "users"."id" ASC LIMIT 1  [["id", 2]]
  [1m[36mTalent Load (1.8ms)[0m  [1mSELECT "talents".* FROM "talents"[0m
  Rendered talents/index.html.erb within layouts/application (8.3ms)
Completed 200 OK in 281ms (Views: 270.2ms | ActiveRecord: 5.4ms)


Started GET "/talents/new" for 127.0.0.1 at 2017-03-31 15:16:11 -0700
Processing by TalentsController#new as HTML
  [1m[35mUser Load (0.6ms)[0m  SELECT  "users".* FROM "users" WHERE "users"."id" = $1  ORDER BY "users"."id" ASC LIMIT 1  [["id", 2]]
  [1m[36mStudent Load (1.5ms)[0m  [1mSELECT "students".* FROM "students"[0m
  Rendered talents/_form.html.erb (253.7ms)
  Rendered talents/new.html.erb within layouts/application (271.2ms)
Completed 200 OK in 527ms (Views: 515.2ms | ActiveRecord: 3.8ms)


Started GET "/talents" for 127.0.0.1 at 2017-03-31 15:16:39 -0700
Processing by TalentsController#index as HTML
  [1m[35mUser Load (7.6ms)[0m  SELECT  "users".* FROM "users" WHERE "users"."id" = $1  ORDER BY "users"."id" ASC LIMIT 1  [["id", 2]]
  [1m[36mTalent Load (3.1ms)[0m  [1mSELECT "talents".* FROM "talents"[0m
  Rendered talents/index.html.erb within layouts/application (6.8ms)
Completed 200 OK in 258ms (Views: 242.5ms | ActiveRecord: 10.7ms)


Started GET "/students/new" for 127.0.0.1 at 2017-03-31 15:16:50 -0700
Processing by StudentsController#new as HTML
  [1m[35mUser Load (4.3ms)[0m  SELECT  "users".* FROM "users" WHERE "users"."id" = $1  ORDER BY "users"."id" ASC LIMIT 1  [["id", 2]]
  Rendered students/_form.html.erb (7.9ms)
  Rendered students/new.html.erb within layouts/application (15.9ms)
Completed 200 OK in 287ms (Views: 273.2ms | ActiveRecord: 4.3ms)


Started GET "/talents/new" for 127.0.0.1 at 2017-03-31 15:16:52 -0700
Processing by TalentsController#new as HTML
  [1m[36mUser Load (0.4ms)[0m  [1mSELECT  "users".* FROM "users" WHERE "users"."id" = $1  ORDER BY "users"."id" ASC LIMIT 1[0m  [["id", 2]]
  [1m[35mStudent Load (6.1ms)[0m  SELECT "students".* FROM "students"
  Rendered talents/_form.html.erb (38.2ms)
  Rendered talents/new.html.erb within layouts/application (41.3ms)
Completed 200 OK in 322ms (Views: 312.1ms | ActiveRecord: 6.5ms)


Started POST "/talents" for 127.0.0.1 at 2017-03-31 15:17:06 -0700
Processing by TalentsController#create as HTML
  Parameters: {"utf8"=>"✓", "authenticity_token"=>"rRPsjZ7j3bvfgIL/WZLlupTcjs9jVLXtyJ/gONvolM4D1LmcG97HDKLmaXm0FQiUesI6Aq0O7kwXeBpNWvzmsA==", "talent"=>{"name"=>"", "student_ids"=>["", "1"]}, "commit"=>"Create Talent"}
  [1m[36mUser Load (1.8ms)[0m  [1mSELECT  "users".* FROM "users" WHERE "users"."id" = $1  ORDER BY "users"."id" ASC LIMIT 1[0m  [["id", 2]]
  [1m[35mStudent Load (10.0ms)[0m  SELECT  "students".* FROM "students" WHERE "students"."id" = $1 LIMIT 1  [["id", 1]]
  [1m[36m (0.2ms)[0m  [1mBEGIN[0m
  [1m[35mSQL (7.4ms)[0m  INSERT INTO "talents" ("name", "created_at", "updated_at") VALUES ($1, $2, $3) RETURNING "id"  [["name", ""], ["created_at", "2017-03-31 22:17:07.102433"], ["updated_at", "2017-03-31 22:17:07.102433"]]
  [1m[36mSQL (28.6ms)[0m  [1mINSERT INTO "students_talents" ("student_id", "talent_id") VALUES ($1, $2) RETURNING "id"[0m  [["student_id", 1], ["talent_id", 3]]
  [1m[35m (1.7ms)[0m  COMMIT
Redirected to http://localhost:3000/talents/3
Completed 302 Found in 157ms (ActiveRecord: 57.8ms)


Started GET "/talents/3" for 127.0.0.1 at 2017-03-31 15:17:07 -0700
Processing by TalentsController#show as HTML
  Parameters: {"id"=>"3"}
  [1m[36mUser Load (6.0ms)[0m  [1mSELECT  "users".* FROM "users" WHERE "users"."id" = $1  ORDER BY "users"."id" ASC LIMIT 1[0m  [["id", 2]]
  [1m[35mTalent Load (4.0ms)[0m  SELECT  "talents".* FROM "talents" WHERE "talents"."id" = $1 LIMIT 1  [["id", 3]]
  [1m[36mStudent Load (0.7ms)[0m  [1mSELECT "students".* FROM "students" INNER JOIN "students_talents" ON "students"."id" = "students_talents"."student_id" WHERE "students_talents"."talent_id" = $1[0m  [["talent_id", 3]]
  Rendered talents/show.html.erb within layouts/application (20.6ms)
Completed 200 OK in 292ms (Views: 267.1ms | ActiveRecord: 10.7ms)


Started GET "/talents" for 127.0.0.1 at 2017-03-31 15:17:11 -0700
Processing by TalentsController#index as HTML
  [1m[35mUser Load (4.1ms)[0m  SELECT  "users".* FROM "users" WHERE "users"."id" = $1  ORDER BY "users"."id" ASC LIMIT 1  [["id", 2]]
  [1m[36mTalent Load (0.6ms)[0m  [1mSELECT "talents".* FROM "talents"[0m
  Rendered talents/index.html.erb within layouts/application (9.1ms)
Completed 200 OK in 266ms (Views: 253.3ms | ActiveRecord: 4.7ms)


Started GET "/talents/3" for 127.0.0.1 at 2017-03-31 15:17:18 -0700
Processing by TalentsController#show as HTML
  Parameters: {"id"=>"3"}
  [1m[35mUser Load (1.6ms)[0m  SELECT  "users".* FROM "users" WHERE "users"."id" = $1  ORDER BY "users"."id" ASC LIMIT 1  [["id", 2]]
  [1m[36mTalent Load (3.1ms)[0m  [1mSELECT  "talents".* FROM "talents" WHERE "talents"."id" = $1 LIMIT 1[0m  [["id", 3]]
  [1m[35mStudent Load (9.3ms)[0m  SELECT "students".* FROM "students" INNER JOIN "students_talents" ON "students"."id" = "students_talents"."student_id" WHERE "students_talents"."talent_id" = $1  [["talent_id", 3]]
  Rendered talents/show.html.erb within layouts/application (15.0ms)
Completed 200 OK in 258ms (Views: 235.8ms | ActiveRecord: 14.0ms)


Started GET "/talents" for 127.0.0.1 at 2017-03-31 15:17:22 -0700
Processing by TalentsController#index as HTML
  [1m[36mUser Load (0.5ms)[0m  [1mSELECT  "users".* FROM "users" WHERE "users"."id" = $1  ORDER BY "users"."id" ASC LIMIT 1[0m  [["id", 2]]
  [1m[35mTalent Load (5.6ms)[0m  SELECT "talents".* FROM "talents"
  Rendered talents/index.html.erb within layouts/application (15.9ms)
Completed 200 OK in 297ms (Views: 278.1ms | ActiveRecord: 6.0ms)


Started DELETE "/talents/3" for 127.0.0.1 at 2017-03-31 15:17:27 -0700
Processing by TalentsController#destroy as HTML
  Parameters: {"authenticity_token"=>"dpw5jTj85Zn8oylmKlM/5Qw+hB/6JmjeJa2woazNN5XYW2ycvcH/LoHFwuDH1NLL4iAw0jR8M3/6SkrULdlF6w==", "id"=>"3"}
  [1m[36mUser Load (3.7ms)[0m  [1mSELECT  "users".* FROM "users" WHERE "users"."id" = $1  ORDER BY "users"."id" ASC LIMIT 1[0m  [["id", 2]]
  [1m[35mTalent Load (0.5ms)[0m  SELECT  "talents".* FROM "talents" WHERE "talents"."id" = $1 LIMIT 1  [["id", 3]]
  [1m[36m (0.2ms)[0m  [1mBEGIN[0m
  [1m[35mSQL (0.4ms)[0m  DELETE FROM "students_talents" WHERE "students_talents"."talent_id" = $1  [["talent_id", 3]]
  [1m[36mSQL (0.5ms)[0m  [1mDELETE FROM "talents" WHERE "talents"."id" = $1[0m  [["id", 3]]
  [1m[35m (61.5ms)[0m  COMMIT
Redirected to http://localhost:3000/talents
Completed 302 Found in 90ms (ActiveRecord: 66.9ms)


Started GET "/talents" for 127.0.0.1 at 2017-03-31 15:17:27 -0700
Processing by TalentsController#index as HTML
  [1m[36mUser Load (0.7ms)[0m  [1mSELECT  "users".* FROM "users" WHERE "users"."id" = $1  ORDER BY "users"."id" ASC LIMIT 1[0m  [["id", 2]]
  [1m[35mTalent Load (0.9ms)[0m  SELECT "talents".* FROM "talents"
  Rendered talents/index.html.erb within layouts/application (11.8ms)
Completed 200 OK in 261ms (Views: 248.2ms | ActiveRecord: 1.6ms)


Started GET "/talents/1" for 127.0.0.1 at 2017-03-31 15:17:30 -0700
Processing by TalentsController#show as HTML
  Parameters: {"id"=>"1"}
  [1m[36mUser Load (4.1ms)[0m  [1mSELECT  "users".* FROM "users" WHERE "users"."id" = $1  ORDER BY "users"."id" ASC LIMIT 1[0m  [["id", 2]]
  [1m[35mTalent Load (4.7ms)[0m  SELECT  "talents".* FROM "talents" WHERE "talents"."id" = $1 LIMIT 1  [["id", 1]]
  [1m[36mStudent Load (5.4ms)[0m  [1mSELECT "students".* FROM "students" INNER JOIN "students_talents" ON "students"."id" = "students_talents"."student_id" WHERE "students_talents"."talent_id" = $1[0m  [["talent_id", 1]]
  Rendered talents/show.html.erb within layouts/application (15.0ms)
Completed 200 OK in 254ms (Views: 235.2ms | ActiveRecord: 14.2ms)


Started GET "/talents" for 127.0.0.1 at 2017-03-31 15:17:34 -0700
Processing by TalentsController#index as HTML
  [1m[35mUser Load (8.6ms)[0m  SELECT  "users".* FROM "users" WHERE "users"."id" = $1  ORDER BY "users"."id" ASC LIMIT 1  [["id", 2]]
  [1m[36mTalent Load (0.7ms)[0m  [1mSELECT "talents".* FROM "talents"[0m
  Rendered talents/index.html.erb within layouts/application (8.6ms)
Completed 200 OK in 263ms (Views: 244.5ms | ActiveRecord: 9.3ms)


Started DELETE "/users/sign_out" for 127.0.0.1 at 2017-03-31 15:17:44 -0700
Processing by Devise::SessionsController#destroy as HTML
  Parameters: {"authenticity_token"=>"57db4wx18FfydfK5JPYTdK+A4DYsYGsrNnfcsyRXfwRJcA7yiUjq4I8TGT/Jcf5aQZ5U++I6MIrpkCbGpUMNeg=="}
  [1m[35mUser Load (5.0ms)[0m  SELECT  "users".* FROM "users" WHERE "users"."id" = $1  ORDER BY "users"."id" ASC LIMIT 1  [["id", 2]]
  [1m[36m (0.2ms)[0m  [1mBEGIN[0m
  [1m[35m (3.5ms)[0m  COMMIT
Redirected to http://localhost:3000/
Completed 302 Found in 71ms (ActiveRecord: 8.8ms)


Started GET "/" for 127.0.0.1 at 2017-03-31 15:17:44 -0700
Processing by TalentsController#index as HTML
Completed 401 Unauthorized in 1ms (ActiveRecord: 0.0ms)


Started GET "/users/sign_in" for 127.0.0.1 at 2017-03-31 15:17:45 -0700
Processing by Devise::SessionsController#new as HTML
  Rendered /home/brian/.rbenv/versions/2.2.3/lib/ruby/gems/2.2.0/gems/devise-3.5.2/app/views/devise/shared/_links.html.erb (3.6ms)
  Rendered /home/brian/.rbenv/versions/2.2.3/lib/ruby/gems/2.2.0/gems/devise-3.5.2/app/views/devise/sessions/new.html.erb within layouts/application (19.1ms)
Completed 200 OK in 276ms (Views: 273.4ms | ActiveRecord: 0.0ms)


Started GET "/" for 127.0.0.1 at 2017-03-31 15:36:43 -0700
  [1m[36mActiveRecord::SchemaMigration Load (6.2ms)[0m  [1mSELECT "schema_migrations".* FROM "schema_migrations"[0m
Processing by TalentsController#index as HTML
Completed 401 Unauthorized in 67ms (ActiveRecord: 0.0ms)


Started GET "/users/sign_in" for 127.0.0.1 at 2017-03-31 15:36:44 -0700
Processing by Devise::SessionsController#new as HTML
  Rendered /home/brian/.rbenv/versions/2.2.3/lib/ruby/gems/2.2.0/gems/devise-3.5.2/app/views/devise/shared/_links.html.erb (3.1ms)
  Rendered /home/brian/.rbenv/versions/2.2.3/lib/ruby/gems/2.2.0/gems/devise-3.5.2/app/views/devise/sessions/new.html.erb within layouts/application (96.7ms)
Completed 200 OK in 1245ms (Views: 1176.6ms | ActiveRecord: 4.4ms)


Started POST "/users/sign_in" for 127.0.0.1 at 2017-03-31 15:37:02 -0700
Processing by Devise::SessionsController#create as HTML
  Parameters: {"utf8"=>"✓", "authenticity_token"=>"Rbf2UU7L+j7v33rklxBnQ6tegmDT4l8kD8vla8pwbG6OvnN95tZC8mfA1d1rMKPzL5fhwQv0wNlVxLBn1upT6w==", "user"=>{"email"=>"brian852@gmail.com", "password"=>"[FILTERED]", "remember_me"=>"0"}, "commit"=>"Log in"}
  [1m[35mUser Load (9.3ms)[0m  SELECT  "users".* FROM "users" WHERE "users"."email" = $1  ORDER BY "users"."id" ASC LIMIT 1  [["email", "brian852@gmail.com"]]
  [1m[36m (0.3ms)[0m  [1mBEGIN[0m
  [1m[35mSQL (0.6ms)[0m  UPDATE "users" SET "current_sign_in_at" = $1, "sign_in_count" = $2, "updated_at" = $3 WHERE "users"."id" = $4  [["current_sign_in_at", "2017-03-31 22:37:03.342103"], ["sign_in_count", 2], ["updated_at", "2017-03-31 22:37:03.349552"], ["id", 2]]
  [1m[36m (38.9ms)[0m  [1mCOMMIT[0m
Redirected to http://localhost:3000/
Completed 302 Found in 596ms (ActiveRecord: 49.5ms)


Started GET "/" for 127.0.0.1 at 2017-03-31 15:37:03 -0700
Processing by TalentsController#index as HTML
  [1m[35mUser Load (0.9ms)[0m  SELECT  "users".* FROM "users" WHERE "users"."id" = $1  ORDER BY "users"."id" ASC LIMIT 1  [["id", 2]]
  [1m[36mTalent Load (0.9ms)[0m  [1mSELECT "talents".* FROM "talents"[0m
  Rendered talents/index.html.erb within layouts/application (30.8ms)
Completed 200 OK in 598ms (Views: 520.8ms | ActiveRecord: 9.9ms)


Started DELETE "/users/sign_out" for 127.0.0.1 at 2017-03-31 15:37:13 -0700
Processing by Devise::SessionsController#destroy as HTML
  Parameters: {"authenticity_token"=>"GepudgDmPM2TIgbvLZwQ18dtjpj63RxmQKoxEuOXxExOwPnaJAQdD6eAJCf0zZJekjTqCzLE95qG72RGSwNVdw=="}
  [1m[35mUser Load (10.0ms)[0m  SELECT  "users".* FROM "users" WHERE "users"."id" = $1  ORDER BY "users"."id" ASC LIMIT 1  [["id", 2]]
  [1m[36m (2.4ms)[0m  [1mBEGIN[0m
  [1m[35m (4.2ms)[0m  COMMIT
Redirected to http://localhost:3000/
Completed 302 Found in 45ms (ActiveRecord: 16.6ms)


Started GET "/" for 127.0.0.1 at 2017-03-31 15:37:13 -0700
Processing by TalentsController#index as HTML
Completed 401 Unauthorized in 2ms (ActiveRecord: 0.0ms)


Started GET "/users/sign_in" for 127.0.0.1 at 2017-03-31 15:37:13 -0700
Processing by Devise::SessionsController#new as HTML
  Rendered /home/brian/.rbenv/versions/2.2.3/lib/ruby/gems/2.2.0/gems/devise-3.5.2/app/views/devise/shared/_links.html.erb (1.5ms)
  Rendered /home/brian/.rbenv/versions/2.2.3/lib/ruby/gems/2.2.0/gems/devise-3.5.2/app/views/devise/sessions/new.html.erb within layouts/application (38.4ms)
Completed 200 OK in 359ms (Views: 353.8ms | ActiveRecord: 0.0ms)
